<?xml version="1.0" encoding="UTF-8"?>
<!-- Generated by org.testng.reporters.JUnitReportReporter -->
<testsuite hostname="DESKTOP-ERBTEJN" name="testcases.Execute_test1" tests="1" failures="0" timestamp="10 Jan 2020 10:41:26 GMT" time="29.192" errors="0">
  <testcase name="execute" time="29.192" classname="testcases.Execute_test1"/>
</testsuite> <!-- testcases.Execute_test1 -->
