<?xml version="1.0" encoding="UTF-8"?>
<!-- Generated by org.testng.reporters.JUnitReportReporter -->
<testsuite hostname="DESKTOP-ERBTEJN" name="test.Switch_trail" tests="1" failures="0" timestamp="10 Jan 2020 07:29:18 GMT" time="0.010" errors="0">
  <testcase name="swichtr" time="0.010" classname="test.Switch_trail"/>
</testsuite> <!-- test.Switch_trail -->
