<?xml version="1.0" encoding="UTF-8"?>
<!-- Generated by org.testng.reporters.JUnitReportReporter -->
<testsuite hostname="DESKTOP-ERBTEJN" name="testcases.Execute_test1" tests="1" failures="0" timestamp="13 Jan 2020 10:02:36 GMT" time="10.207" errors="0">
  <testcase name="execute" time="10.207" classname="testcases.Execute_test1"/>
</testsuite> <!-- testcases.Execute_test1 -->
